Removed Pin From Net: NetName=CURR_A_P Pin=J1-4
Removed Pin From Net: NetName=CURR_B_P Pin=J1-6
Removed Pin From Net: NetName=CURR_C_P Pin=J1-8
Added Component: Designator=*(NET_TIE)
Add component. Clean all parameters for all variants
Added Component: Designator=*(NET_TIE)
Add component. Clean all parameters for all variants
Added Component: Designator=*(NET_TIE)
Add component. Clean all parameters for all variants
Added Pin To Net: NetName=CURR_A_P Pin=*-2
Added Pin To Net: NetName=CURR_B_P Pin=*-2
Added Pin To Net: NetName=CURR_C_P Pin=*-2
Added Pin To Net: NetName=SH_A Pin=*-1
Added Pin To Net: NetName=SH_A Pin=J1-4
Added Net: Name=SH_A
Added Pin To Net: NetName=SH_B Pin=*-1
Added Pin To Net: NetName=SH_B Pin=J1-6
Added Net: Name=SH_B
Added Pin To Net: NetName=SH_C Pin=*-1
Added Pin To Net: NetName=SH_C Pin=J1-8
Added Net: Name=SH_C
Added Member To Class: ClassName=Sheet1 Member=Component * NET_TIE
Added Member To Class: ClassName=Sheet1 Member=Component * NET_TIE
Added Member To Class: ClassName=Sheet1 Member=Component * NET_TIE
Added Member To Class: ClassName=Sheet1 Member=Component * NET_TIE
Added Member To Class: ClassName=Sheet1 Member=Component * NET_TIE
