Removed Pin From Net: NetName=CURR_A_P Pin=*-2
Removed Pin From Net: NetName=CURR_B_P Pin=*-2
Removed Pin From Net: NetName=CURR_C_P Pin=*-2
Removed Pin From Net: NetName=SL_A Pin=*-2
Removed Pin From Net: NetName=SL_C Pin=*-2
Removed Pin From Net: NetName=GND Pin=C10-1
Removed Pin From Net: NetName=VCC Pin=C10-2
Removed Pin From Net: NetName=GND Pin=C11-1
Removed Pin From Net: NetName=VCC Pin=C11-2
Removed Pin From Net: NetName=GND Pin=C12-1
Removed Pin From Net: NetName=VCC Pin=C12-2
Removed Pin From Net: NetName=CURR_A_N Pin=IC1-1
Removed Pin From Net: NetName=GND Pin=IC1-2
Removed Pin From Net: NetName=GND Pin=IC1-3
Removed Pin From Net: NetName=C_A Pin=IC1-5
Removed Pin From Net: NetName=VCC Pin=IC1-6
Removed Pin From Net: NetName=VCC Pin=IC1-7
Removed Pin From Net: NetName=CURR_A_P Pin=IC1-8
Removed Pin From Net: NetName=GND Pin=IC2-2
Removed Pin From Net: NetName=GND Pin=IC2-3
Removed Pin From Net: NetName=C_B Pin=IC2-5
Removed Pin From Net: NetName=VCC Pin=IC2-6
Removed Pin From Net: NetName=VCC Pin=IC2-7
Removed Pin From Net: NetName=CURR_B_P Pin=IC2-8
Removed Pin From Net: NetName=GND Pin=IC3-2
Removed Pin From Net: NetName=GND Pin=IC3-3
Removed Pin From Net: NetName=C_C Pin=IC3-5
Removed Pin From Net: NetName=VCC Pin=IC3-6
Removed Pin From Net: NetName=VCC Pin=IC3-7
Removed Pin From Net: NetName=CURR_C_P Pin=IC3-8
Removed Pin From Net: NetName=SUPPLY Pin=J1-1
Removed Pin From Net: NetName=GND Pin=J1-2
Removed Pin From Net: NetName=GH_A Pin=J1-3
Removed Pin From Net: NetName=GH_B Pin=J1-5
Removed Pin From Net: NetName=GH_C Pin=J1-7
Removed Pin From Net: NetName=ADC_TEMP Pin=J1-9
Removed Pin From Net: NetName=GND Pin=J1-10
Removed Pin From Net: NetName=+5 Pin=J1-11
Removed Pin From Net: NetName=GND Pin=J1-12
Removed Pin From Net: NetName=GL_A Pin=J2-3
Removed Pin From Net: NetName=SL_A Pin=J2-4
Removed Pin From Net: NetName=GL_B Pin=J2-5
Removed Pin From Net: NetName=SL_B Pin=J2-6
Removed Pin From Net: NetName=GL_C Pin=J2-7
Removed Pin From Net: NetName=SL_C Pin=J2-8
Removed Pin From Net: NetName=C_C Pin=J2-9
Removed Pin From Net: NetName=C_B Pin=J2-10
Removed Pin From Net: NetName=C_A Pin=J2-11
Removed Pin From Net: NetName=GND Pin=J2-12
Removed Pin From Net: NetName=CURR_A_N Pin=R4-1
Removed Pin From Net: NetName=CURR_A_P Pin=R4-2
Removed Pin From Net: NetName=CURR_B_P Pin=R5-2
Removed Pin From Net: NetName=CURR_C_P Pin=R6-2
Removed Member From Class: ClassName=Sheet1 Member=C10
Removed Member From Class: ClassName=Sheet1 Member=C11
Removed Member From Class: ClassName=Sheet1 Member=C12
Removed Member From Class: ClassName=Sheet1 Member=IC1
Removed Member From Class: ClassName=Sheet1 Member=IC2
Removed Member From Class: ClassName=Sheet1 Member=IC3
Removed Member From Class: ClassName=Sheet1 Member=J1
Removed Member From Class: ClassName=Sheet1 Member=J2
Removed Member From Class: ClassName=Sheet1 Member=R4
Removed Member From Class: ClassName=Sheet1 Member=R5
Removed Member From Class: ClassName=Sheet1 Member=R6
Added Component: Designator=C?(CAPC1005X56N)
Add component. Clean all parameters for all variants
Add component (AddParameter): Name = "Datasheet Link"; Value = "http://www.mouser.com/catalog/supplier/library/pdf/AVXSurfaceMountCeramic.pdf"; VariantName = "[No Variations]"
Add component (AddParameter): Name = "Height"; Value = "0.56mm"; VariantName = "[No Variations]"
Add component (AddParameter): Name = "Manufacturer_Name"; Value = "AVX"; VariantName = "[No Variations]"
Add component (AddParameter): Name = "Manufacturer_Part_Number"; Value = "04024D225KAT2A"; VariantName = "[No Variations]"
Add component (AddParameter): Name = "Mouser Part Number"; Value = "581-04024D225KAT2A"; VariantName = "[No Variations]"
Add component (AddParameter): Name = "Mouser Price/Stock"; Value = "https://www.mouser.com/Search/Refine.aspx?Keyword=581-04024D225KAT2A"; VariantName = "[No Variations]"
Add component (AddParameter): Name = "RS Part Number"; Value = ""; VariantName = "[No Variations]"
Add component (AddParameter): Name = "RS Price/Stock"; Value = ""; VariantName = "[No Variations]"
Added Component: Designator=IC?(SOP65P490X110-8N)
Add component. Clean all parameters for all variants
Add component (AddParameter): Name = "Datasheet Link"; Value = "http://www.analog.com/media/en/technical-documentation/data-sheets/AD8418A.pdf"; VariantName = "[No Variations]"
Add component (AddParameter): Name = "Height"; Value = "1.1mm"; VariantName = "[No Variations]"
Add component (AddParameter): Name = "Manufacturer_Name"; Value = "Analog Devices"; VariantName = "[No Variations]"
Add component (AddParameter): Name = "Manufacturer_Part_Number"; Value = "AD8418AWBRZ"; VariantName = "[No Variations]"
Add component (AddParameter): Name = "Mouser Part Number"; Value = "584-AD8418AWBRZ"; VariantName = "[No Variations]"
Add component (AddParameter): Name = "Mouser Price/Stock"; Value = "https://www.mouser.com/Search/Refine.aspx?Keyword=584-AD8418AWBRZ"; VariantName = "[No Variations]"
Add component (AddParameter): Name = "RS Part Number"; Value = "7989903"; VariantName = "[No Variations]"
Add component (AddParameter): Name = "RS Price/Stock"; Value = "https://uk.rs-online.com/web/p/products/7989903"; VariantName = "[No Variations]"
Added Component: Designator=J?(HDRV12W60P0X200_1X12_2415X200X525P)
Add component. Clean all parameters for all variants
Add component (AddParameter): Name = "Datasheet Link"; Value = "https://cdn.harwin.com/pdfs/M22-201.pdf"; VariantName = "[No Variations]"
Add component (AddParameter): Name = "Height"; Value = "5.25mm"; VariantName = "[No Variations]"
Add component (AddParameter): Name = "Manufacturer_Name"; Value = "HARWIN"; VariantName = "[No Variations]"
Add component (AddParameter): Name = "Manufacturer_Part_Number"; Value = "M22-2011205"; VariantName = "[No Variations]"
Add component (AddParameter): Name = "Mouser Part Number"; Value = "855-M22-2011205"; VariantName = "[No Variations]"
Add component (AddParameter): Name = "Mouser Price/Stock"; Value = "https://www.mouser.com/Search/Refine.aspx?Keyword=855-M22-2011205"; VariantName = "[No Variations]"
Add component (AddParameter): Name = "RS Part Number"; Value = "1730943"; VariantName = "[No Variations]"
Add component (AddParameter): Name = "RS Price/Stock"; Value = "https://uk.rs-online.com/web/p/products/1730943"; VariantName = "[No Variations]"
Add component (AddParameter): Name = "System"; Value = "Connector"; VariantName = "[No Variations]"
Added Component: Designator=J?(HDRV12W60P0X200_1X12_2415X200X525P)
Add component. Clean all parameters for all variants
Add component (AddParameter): Name = "Datasheet Link"; Value = "https://cdn.harwin.com/pdfs/M22-201.pdf"; VariantName = "[No Variations]"
Add component (AddParameter): Name = "Height"; Value = "5.25mm"; VariantName = "[No Variations]"
Add component (AddParameter): Name = "Manufacturer_Name"; Value = "HARWIN"; VariantName = "[No Variations]"
Add component (AddParameter): Name = "Manufacturer_Part_Number"; Value = "M22-2011205"; VariantName = "[No Variations]"
Add component (AddParameter): Name = "Mouser Part Number"; Value = "855-M22-2011205"; VariantName = "[No Variations]"
Add component (AddParameter): Name = "Mouser Price/Stock"; Value = "https://www.mouser.com/Search/Refine.aspx?Keyword=855-M22-2011205"; VariantName = "[No Variations]"
Add component (AddParameter): Name = "RS Part Number"; Value = "1730943"; VariantName = "[No Variations]"
Add component (AddParameter): Name = "RS Price/Stock"; Value = "https://uk.rs-online.com/web/p/products/1730943"; VariantName = "[No Variations]"
Add component (AddParameter): Name = "System"; Value = "Connector"; VariantName = "[No Variations]"
Added Component: Designator=R?(RESC10052X137N)
Add component. Clean all parameters for all variants
Add component (AddParameter): Name = "Allied_Number"; Value = "70883778"; VariantName = "[No Variations]"
Add component (AddParameter): Name = "Allied Price/Stock"; Value = "https://www.alliedelec.com/bourns-css2h-3920r-l500f/70883778/"; VariantName = "[No Variations]"
Add component (AddParameter): Name = "Datasheet Link"; Value = "https://componentsearchengine.com/Datasheets/2/CSS2H-3920R-L500F.pdf"; VariantName = "[No Variations]"
Add component (AddParameter): Name = "Height"; Value = "1.37mm"; VariantName = "[No Variations]"
Add component (AddParameter): Name = "Manufacturer_Name"; Value = "Bourns"; VariantName = "[No Variations]"
Add component (AddParameter): Name = "Manufacturer_Part_Number"; Value = "CSS2H-3920R-L500F"; VariantName = "[No Variations]"
Add component (AddParameter): Name = "Mouser Part Number"; Value = "652-CSS2H3920RL500F"; VariantName = "[No Variations]"
Add component (AddParameter): Name = "Mouser Price/Stock"; Value = "https://www.mouser.com/Search/Refine.aspx?Keyword=652-CSS2H3920RL500F"; VariantName = "[No Variations]"
Add component (AddParameter): Name = "RS Part Number"; Value = ""; VariantName = "[No Variations]"
Add component (AddParameter): Name = "RS Price/Stock"; Value = ""; VariantName = "[No Variations]"
Added Pin To Net: NetName=SL_A Pin=*-2
Added Pin To Net: NetName=SL_C Pin=*-2
Added Pin To Net: NetName=GND Pin=C?-1
Added Pin To Net: NetName=VCC Pin=C?-2
Added Pin To Net: NetName=CURR_A_N Pin=IC?-1
Added Pin To Net: NetName=GND Pin=IC?-2
Added Pin To Net: NetName=GND Pin=IC?-3
Added Pin To Net: NetName=C_A Pin=IC?-5
Added Pin To Net: NetName=VCC Pin=IC?-6
Added Pin To Net: NetName=VCC Pin=IC?-7
Added Pin To Net: NetName=CURR_A_P Pin=IC?-8
Added Pin To Net: NetName=SUPPLY Pin=J?-1
Added Pin To Net: NetName=GND Pin=J?-2
Added Pin To Net: NetName=GH_A Pin=J?-3
Added Pin To Net: NetName=GL_A Pin=J?-3
Added Pin To Net: NetName=CURR_A_P Pin=J?-4
Added Pin To Net: NetName=SL_A Pin=J?-4
Added Pin To Net: NetName=GH_B Pin=J?-5
Added Pin To Net: NetName=GL_B Pin=J?-5
Added Pin To Net: NetName=CURR_B_P Pin=J?-6
Added Pin To Net: NetName=SL_B Pin=J?-6
Added Pin To Net: NetName=GH_C Pin=J?-7
Added Pin To Net: NetName=GL_C Pin=J?-7
Added Pin To Net: NetName=CURR_C_P Pin=J?-8
Added Pin To Net: NetName=SL_C Pin=J?-8
Added Pin To Net: NetName=ADC_TEMP Pin=J?-9
Added Pin To Net: NetName=C_C Pin=J?-9
Added Pin To Net: NetName=C_B Pin=J?-10
Added Pin To Net: NetName=GND Pin=J?-10
Added Pin To Net: NetName=+5 Pin=J?-11
Added Pin To Net: NetName=C_A Pin=J?-11
Added Pin To Net: NetName=GND Pin=J?-12
Added Pin To Net: NetName=GND Pin=J?-12
Added Pin To Net: NetName=CURR_A_N Pin=R?-1
Added Pin To Net: NetName=CURR_A_P Pin=R?-2
Change Net Name : Old Net Name=CURR_B_P New Net Name=SH_B
Change Net Name : Old Net Name=CURR_C_P New Net Name=SH_C
Change Class Name : Old Net Name=Sheet1 New Net Name=U_Sheet1
Added Class: Name=Sheet2
Added Class: Name=U_CURRENT_SENSEBOARD
Added Member To Class: ClassName=U_Sheet1 Member=Component * NET_TIE
Added Member To Class: ClassName=U_Sheet1 Member=Component * NET_TIE
Change Room Name: Old Name=Sheet1 New Name=U_Sheet1
Change Room Scope: Old Scope=InComponentClass('Sheet1') New Scope=InComponentClass('U_Sheet1')
Added Room: Name=Sheet2
Added Room: Name=U_CURRENT_SENSEBOARD
Added Rule: Name=Schematic Differential Pairs Routing_6
Added Rule: Name=Schematic Differential Pairs Routing_7
