Added Component: Designator=C1(CAPC3216X180N)
Add component. Clean all parameters for all variants
Add component (AddParameter): Name = "Datasheet Link"; Value = "https://product.tdk.com/info/en/catalog/datasheets/mlcc_commercial_midvoltage_en.pdf"; VariantName = "[No Variations]"
Add component (AddParameter): Name = "Height"; Value = "1.8mm"; VariantName = "[No Variations]"
Add component (AddParameter): Name = "Manufacturer_Name"; Value = "TDK"; VariantName = "[No Variations]"
Add component (AddParameter): Name = "Manufacturer_Part_Number"; Value = "C3216X7S2A225K160AB"; VariantName = "[No Variations]"
Add component (AddParameter): Name = "Mouser Part Number"; Value = "810-C3216X7S2A225K"; VariantName = "[No Variations]"
Add component (AddParameter): Name = "Mouser Price/Stock"; Value = "https://www.mouser.com/Search/Refine.aspx?Keyword=810-C3216X7S2A225K"; VariantName = "[No Variations]"
Add component (AddParameter): Name = "RS Part Number"; Value = "7883079"; VariantName = "[No Variations]"
Add component (AddParameter): Name = "RS Price/Stock"; Value = "https://uk.rs-online.com/web/p/products/7883079"; VariantName = "[No Variations]"
Added Component: Designator=C2(CAPC3216X180N)
Add component. Clean all parameters for all variants
Add component (AddParameter): Name = "Datasheet Link"; Value = "https://product.tdk.com/info/en/catalog/datasheets/mlcc_commercial_midvoltage_en.pdf"; VariantName = "[No Variations]"
Add component (AddParameter): Name = "Height"; Value = "1.8mm"; VariantName = "[No Variations]"
Add component (AddParameter): Name = "Manufacturer_Name"; Value = "TDK"; VariantName = "[No Variations]"
Add component (AddParameter): Name = "Manufacturer_Part_Number"; Value = "C3216X7S2A225K160AB"; VariantName = "[No Variations]"
Add component (AddParameter): Name = "Mouser Part Number"; Value = "810-C3216X7S2A225K"; VariantName = "[No Variations]"
Add component (AddParameter): Name = "Mouser Price/Stock"; Value = "https://www.mouser.com/Search/Refine.aspx?Keyword=810-C3216X7S2A225K"; VariantName = "[No Variations]"
Add component (AddParameter): Name = "RS Part Number"; Value = "7883079"; VariantName = "[No Variations]"
Add component (AddParameter): Name = "RS Price/Stock"; Value = "https://uk.rs-online.com/web/p/products/7883079"; VariantName = "[No Variations]"
Added Component: Designator=C3(CAPC3216X180N)
Add component. Clean all parameters for all variants
Add component (AddParameter): Name = "Datasheet Link"; Value = "https://product.tdk.com/info/en/catalog/datasheets/mlcc_commercial_midvoltage_en.pdf"; VariantName = "[No Variations]"
Add component (AddParameter): Name = "Height"; Value = "1.8mm"; VariantName = "[No Variations]"
Add component (AddParameter): Name = "Manufacturer_Name"; Value = "TDK"; VariantName = "[No Variations]"
Add component (AddParameter): Name = "Manufacturer_Part_Number"; Value = "C3216X7S2A225K160AB"; VariantName = "[No Variations]"
Add component (AddParameter): Name = "Mouser Part Number"; Value = "810-C3216X7S2A225K"; VariantName = "[No Variations]"
Add component (AddParameter): Name = "Mouser Price/Stock"; Value = "https://www.mouser.com/Search/Refine.aspx?Keyword=810-C3216X7S2A225K"; VariantName = "[No Variations]"
Add component (AddParameter): Name = "RS Part Number"; Value = "7883079"; VariantName = "[No Variations]"
Add component (AddParameter): Name = "RS Price/Stock"; Value = "https://uk.rs-online.com/web/p/products/7883079"; VariantName = "[No Variations]"
Added Component: Designator=C4(CAPC3216X180N)
Add component. Clean all parameters for all variants
Add component (AddParameter): Name = "Datasheet Link"; Value = "https://product.tdk.com/info/en/catalog/datasheets/mlcc_commercial_midvoltage_en.pdf"; VariantName = "[No Variations]"
Add component (AddParameter): Name = "Height"; Value = "1.8mm"; VariantName = "[No Variations]"
Add component (AddParameter): Name = "Manufacturer_Name"; Value = "TDK"; VariantName = "[No Variations]"
Add component (AddParameter): Name = "Manufacturer_Part_Number"; Value = "C3216X7S2A225K160AB"; VariantName = "[No Variations]"
Add component (AddParameter): Name = "Mouser Part Number"; Value = "810-C3216X7S2A225K"; VariantName = "[No Variations]"
Add component (AddParameter): Name = "Mouser Price/Stock"; Value = "https://www.mouser.com/Search/Refine.aspx?Keyword=810-C3216X7S2A225K"; VariantName = "[No Variations]"
Add component (AddParameter): Name = "RS Part Number"; Value = "7883079"; VariantName = "[No Variations]"
Add component (AddParameter): Name = "RS Price/Stock"; Value = "https://uk.rs-online.com/web/p/products/7883079"; VariantName = "[No Variations]"
Added Component: Designator=C5(CAPC3216X180N)
Add component. Clean all parameters for all variants
Add component (AddParameter): Name = "Datasheet Link"; Value = "https://product.tdk.com/info/en/catalog/datasheets/mlcc_commercial_midvoltage_en.pdf"; VariantName = "[No Variations]"
Add component (AddParameter): Name = "Height"; Value = "1.8mm"; VariantName = "[No Variations]"
Add component (AddParameter): Name = "Manufacturer_Name"; Value = "TDK"; VariantName = "[No Variations]"
Add component (AddParameter): Name = "Manufacturer_Part_Number"; Value = "C3216X7S2A225K160AB"; VariantName = "[No Variations]"
Add component (AddParameter): Name = "Mouser Part Number"; Value = "810-C3216X7S2A225K"; VariantName = "[No Variations]"
Add component (AddParameter): Name = "Mouser Price/Stock"; Value = "https://www.mouser.com/Search/Refine.aspx?Keyword=810-C3216X7S2A225K"; VariantName = "[No Variations]"
Add component (AddParameter): Name = "RS Part Number"; Value = "7883079"; VariantName = "[No Variations]"
Add component (AddParameter): Name = "RS Price/Stock"; Value = "https://uk.rs-online.com/web/p/products/7883079"; VariantName = "[No Variations]"
Added Component: Designator=C6(CAPC3216X180N)
Add component. Clean all parameters for all variants
Add component (AddParameter): Name = "Datasheet Link"; Value = "https://product.tdk.com/info/en/catalog/datasheets/mlcc_commercial_midvoltage_en.pdf"; VariantName = "[No Variations]"
Add component (AddParameter): Name = "Height"; Value = "1.8mm"; VariantName = "[No Variations]"
Add component (AddParameter): Name = "Manufacturer_Name"; Value = "TDK"; VariantName = "[No Variations]"
Add component (AddParameter): Name = "Manufacturer_Part_Number"; Value = "C3216X7S2A225K160AB"; VariantName = "[No Variations]"
Add component (AddParameter): Name = "Mouser Part Number"; Value = "810-C3216X7S2A225K"; VariantName = "[No Variations]"
Add component (AddParameter): Name = "Mouser Price/Stock"; Value = "https://www.mouser.com/Search/Refine.aspx?Keyword=810-C3216X7S2A225K"; VariantName = "[No Variations]"
Add component (AddParameter): Name = "RS Part Number"; Value = "7883079"; VariantName = "[No Variations]"
Add component (AddParameter): Name = "RS Price/Stock"; Value = "https://uk.rs-online.com/web/p/products/7883079"; VariantName = "[No Variations]"
Added Component: Designator=C7(CAPPM3528X210N)
Add component. Clean all parameters for all variants
Add component (AddParameter): Name = "Datasheet Link"; Value = "http://www.vishay.com/docs/40002/293d.pdf"; VariantName = "[No Variations]"
Add component (AddParameter): Name = "Height"; Value = "2.1mm"; VariantName = "[No Variations]"
Add component (AddParameter): Name = "Manufacturer_Name"; Value = "Vishay"; VariantName = "[No Variations]"
Add component (AddParameter): Name = "Manufacturer_Part_Number"; Value = "293D107X06R3B2TE3"; VariantName = "[No Variations]"
Add component (AddParameter): Name = "Mouser Part Number"; Value = "N/A"; VariantName = "[No Variations]"
Add component (AddParameter): Name = "Mouser Price/Stock"; Value = "https://www.mouser.com/Search/Refine.aspx?Keyword=N%2FA"; VariantName = "[No Variations]"
Add component (AddParameter): Name = "RS Part Number"; Value = ""; VariantName = "[No Variations]"
Add component (AddParameter): Name = "RS Price/Stock"; Value = ""; VariantName = "[No Variations]"
Added Component: Designator=C8(CAPC1005X56N)
Add component. Clean all parameters for all variants
Add component (AddParameter): Name = "Datasheet Link"; Value = "http://www.mouser.com/catalog/supplier/library/pdf/AVXSurfaceMountCeramic.pdf"; VariantName = "[No Variations]"
Add component (AddParameter): Name = "Height"; Value = "0.56mm"; VariantName = "[No Variations]"
Add component (AddParameter): Name = "Manufacturer_Name"; Value = "AVX"; VariantName = "[No Variations]"
Add component (AddParameter): Name = "Manufacturer_Part_Number"; Value = "04024D225KAT2A"; VariantName = "[No Variations]"
Add component (AddParameter): Name = "Mouser Part Number"; Value = "581-04024D225KAT2A"; VariantName = "[No Variations]"
Add component (AddParameter): Name = "Mouser Price/Stock"; Value = "https://www.mouser.com/Search/Refine.aspx?Keyword=581-04024D225KAT2A"; VariantName = "[No Variations]"
Add component (AddParameter): Name = "RS Part Number"; Value = ""; VariantName = "[No Variations]"
Add component (AddParameter): Name = "RS Price/Stock"; Value = ""; VariantName = "[No Variations]"
Added Component: Designator=C9(CAPC1005X56N)
Add component. Clean all parameters for all variants
Add component (AddParameter): Name = "Datasheet Link"; Value = "http://www.mouser.com/catalog/supplier/library/pdf/AVXSurfaceMountCeramic.pdf"; VariantName = "[No Variations]"
Add component (AddParameter): Name = "Height"; Value = "0.56mm"; VariantName = "[No Variations]"
Add component (AddParameter): Name = "Manufacturer_Name"; Value = "AVX"; VariantName = "[No Variations]"
Add component (AddParameter): Name = "Manufacturer_Part_Number"; Value = "04024D225KAT2A"; VariantName = "[No Variations]"
Add component (AddParameter): Name = "Mouser Part Number"; Value = "581-04024D225KAT2A"; VariantName = "[No Variations]"
Add component (AddParameter): Name = "Mouser Price/Stock"; Value = "https://www.mouser.com/Search/Refine.aspx?Keyword=581-04024D225KAT2A"; VariantName = "[No Variations]"
Add component (AddParameter): Name = "RS Part Number"; Value = ""; VariantName = "[No Variations]"
Add component (AddParameter): Name = "RS Price/Stock"; Value = ""; VariantName = "[No Variations]"
Added Component: Designator=C10(CAPC1005X56N)
Add component. Clean all parameters for all variants
Add component (AddParameter): Name = "Datasheet Link"; Value = "http://www.mouser.com/catalog/supplier/library/pdf/AVXSurfaceMountCeramic.pdf"; VariantName = "[No Variations]"
Add component (AddParameter): Name = "Height"; Value = "0.56mm"; VariantName = "[No Variations]"
Add component (AddParameter): Name = "Manufacturer_Name"; Value = "AVX"; VariantName = "[No Variations]"
Add component (AddParameter): Name = "Manufacturer_Part_Number"; Value = "04024D225KAT2A"; VariantName = "[No Variations]"
Add component (AddParameter): Name = "Mouser Part Number"; Value = "581-04024D225KAT2A"; VariantName = "[No Variations]"
Add component (AddParameter): Name = "Mouser Price/Stock"; Value = "https://www.mouser.com/Search/Refine.aspx?Keyword=581-04024D225KAT2A"; VariantName = "[No Variations]"
Add component (AddParameter): Name = "RS Part Number"; Value = ""; VariantName = "[No Variations]"
Add component (AddParameter): Name = "RS Price/Stock"; Value = ""; VariantName = "[No Variations]"
Added Component: Designator=C11(CAPC1005X56N)
Add component. Clean all parameters for all variants
Add component (AddParameter): Name = "Datasheet Link"; Value = "http://www.mouser.com/catalog/supplier/library/pdf/AVXSurfaceMountCeramic.pdf"; VariantName = "[No Variations]"
Add component (AddParameter): Name = "Height"; Value = "0.56mm"; VariantName = "[No Variations]"
Add component (AddParameter): Name = "Manufacturer_Name"; Value = "AVX"; VariantName = "[No Variations]"
Add component (AddParameter): Name = "Manufacturer_Part_Number"; Value = "04024D225KAT2A"; VariantName = "[No Variations]"
Add component (AddParameter): Name = "Mouser Part Number"; Value = "581-04024D225KAT2A"; VariantName = "[No Variations]"
Add component (AddParameter): Name = "Mouser Price/Stock"; Value = "https://www.mouser.com/Search/Refine.aspx?Keyword=581-04024D225KAT2A"; VariantName = "[No Variations]"
Add component (AddParameter): Name = "RS Part Number"; Value = ""; VariantName = "[No Variations]"
Add component (AddParameter): Name = "RS Price/Stock"; Value = ""; VariantName = "[No Variations]"
Added Component: Designator=C12(CAPC1005X56N)
Add component. Clean all parameters for all variants
Add component (AddParameter): Name = "Datasheet Link"; Value = "http://www.mouser.com/catalog/supplier/library/pdf/AVXSurfaceMountCeramic.pdf"; VariantName = "[No Variations]"
Add component (AddParameter): Name = "Height"; Value = "0.56mm"; VariantName = "[No Variations]"
Add component (AddParameter): Name = "Manufacturer_Name"; Value = "AVX"; VariantName = "[No Variations]"
Add component (AddParameter): Name = "Manufacturer_Part_Number"; Value = "04024D225KAT2A"; VariantName = "[No Variations]"
Add component (AddParameter): Name = "Mouser Part Number"; Value = "581-04024D225KAT2A"; VariantName = "[No Variations]"
Add component (AddParameter): Name = "Mouser Price/Stock"; Value = "https://www.mouser.com/Search/Refine.aspx?Keyword=581-04024D225KAT2A"; VariantName = "[No Variations]"
Add component (AddParameter): Name = "RS Part Number"; Value = ""; VariantName = "[No Variations]"
Add component (AddParameter): Name = "RS Price/Stock"; Value = ""; VariantName = "[No Variations]"
Added Component: Designator=IC1(SOP65P490X110-8N)
Add component. Clean all parameters for all variants
Add component (AddParameter): Name = "Datasheet Link"; Value = "http://www.analog.com/media/en/technical-documentation/data-sheets/AD8418A.pdf"; VariantName = "[No Variations]"
Add component (AddParameter): Name = "Height"; Value = "1.1mm"; VariantName = "[No Variations]"
Add component (AddParameter): Name = "Manufacturer_Name"; Value = "Analog Devices"; VariantName = "[No Variations]"
Add component (AddParameter): Name = "Manufacturer_Part_Number"; Value = "AD8418AWBRZ"; VariantName = "[No Variations]"
Add component (AddParameter): Name = "Mouser Part Number"; Value = "584-AD8418AWBRZ"; VariantName = "[No Variations]"
Add component (AddParameter): Name = "Mouser Price/Stock"; Value = "https://www.mouser.com/Search/Refine.aspx?Keyword=584-AD8418AWBRZ"; VariantName = "[No Variations]"
Add component (AddParameter): Name = "RS Part Number"; Value = "7989903"; VariantName = "[No Variations]"
Add component (AddParameter): Name = "RS Price/Stock"; Value = "https://uk.rs-online.com/web/p/products/7989903"; VariantName = "[No Variations]"
Added Component: Designator=IC2(SOP65P490X110-8N)
Add component. Clean all parameters for all variants
Add component (AddParameter): Name = "Datasheet Link"; Value = "http://www.analog.com/media/en/technical-documentation/data-sheets/AD8418A.pdf"; VariantName = "[No Variations]"
Add component (AddParameter): Name = "Height"; Value = "1.1mm"; VariantName = "[No Variations]"
Add component (AddParameter): Name = "Manufacturer_Name"; Value = "Analog Devices"; VariantName = "[No Variations]"
Add component (AddParameter): Name = "Manufacturer_Part_Number"; Value = "AD8418AWBRZ"; VariantName = "[No Variations]"
Add component (AddParameter): Name = "Mouser Part Number"; Value = "584-AD8418AWBRZ"; VariantName = "[No Variations]"
Add component (AddParameter): Name = "Mouser Price/Stock"; Value = "https://www.mouser.com/Search/Refine.aspx?Keyword=584-AD8418AWBRZ"; VariantName = "[No Variations]"
Add component (AddParameter): Name = "RS Part Number"; Value = "7989903"; VariantName = "[No Variations]"
Add component (AddParameter): Name = "RS Price/Stock"; Value = "https://uk.rs-online.com/web/p/products/7989903"; VariantName = "[No Variations]"
Added Component: Designator=IC3(SOP65P490X110-8N)
Add component. Clean all parameters for all variants
Add component (AddParameter): Name = "Datasheet Link"; Value = "http://www.analog.com/media/en/technical-documentation/data-sheets/AD8418A.pdf"; VariantName = "[No Variations]"
Add component (AddParameter): Name = "Height"; Value = "1.1mm"; VariantName = "[No Variations]"
Add component (AddParameter): Name = "Manufacturer_Name"; Value = "Analog Devices"; VariantName = "[No Variations]"
Add component (AddParameter): Name = "Manufacturer_Part_Number"; Value = "AD8418AWBRZ"; VariantName = "[No Variations]"
Add component (AddParameter): Name = "Mouser Part Number"; Value = "584-AD8418AWBRZ"; VariantName = "[No Variations]"
Add component (AddParameter): Name = "Mouser Price/Stock"; Value = "https://www.mouser.com/Search/Refine.aspx?Keyword=584-AD8418AWBRZ"; VariantName = "[No Variations]"
Add component (AddParameter): Name = "RS Part Number"; Value = "7989903"; VariantName = "[No Variations]"
Add component (AddParameter): Name = "RS Price/Stock"; Value = "https://uk.rs-online.com/web/p/products/7989903"; VariantName = "[No Variations]"
Added Component: Designator=J1(HDRV12W60P0X200_1X12_2415X200X525P)
Add component. Clean all parameters for all variants
Add component (AddParameter): Name = "Datasheet Link"; Value = "https://cdn.harwin.com/pdfs/M22-201.pdf"; VariantName = "[No Variations]"
Add component (AddParameter): Name = "Height"; Value = "5.25mm"; VariantName = "[No Variations]"
Add component (AddParameter): Name = "Manufacturer_Name"; Value = "HARWIN"; VariantName = "[No Variations]"
Add component (AddParameter): Name = "Manufacturer_Part_Number"; Value = "M22-2011205"; VariantName = "[No Variations]"
Add component (AddParameter): Name = "Mouser Part Number"; Value = "855-M22-2011205"; VariantName = "[No Variations]"
Add component (AddParameter): Name = "Mouser Price/Stock"; Value = "https://www.mouser.com/Search/Refine.aspx?Keyword=855-M22-2011205"; VariantName = "[No Variations]"
Add component (AddParameter): Name = "RS Part Number"; Value = "1730943"; VariantName = "[No Variations]"
Add component (AddParameter): Name = "RS Price/Stock"; Value = "https://uk.rs-online.com/web/p/products/1730943"; VariantName = "[No Variations]"
Added Component: Designator=J2(HDRV12W60P0X200_1X12_2415X200X525P)
Add component. Clean all parameters for all variants
Add component (AddParameter): Name = "Datasheet Link"; Value = "https://cdn.harwin.com/pdfs/M22-201.pdf"; VariantName = "[No Variations]"
Add component (AddParameter): Name = "Height"; Value = "5.25mm"; VariantName = "[No Variations]"
Add component (AddParameter): Name = "Manufacturer_Name"; Value = "HARWIN"; VariantName = "[No Variations]"
Add component (AddParameter): Name = "Manufacturer_Part_Number"; Value = "M22-2011205"; VariantName = "[No Variations]"
Add component (AddParameter): Name = "Mouser Part Number"; Value = "855-M22-2011205"; VariantName = "[No Variations]"
Add component (AddParameter): Name = "Mouser Price/Stock"; Value = "https://www.mouser.com/Search/Refine.aspx?Keyword=855-M22-2011205"; VariantName = "[No Variations]"
Add component (AddParameter): Name = "RS Part Number"; Value = "1730943"; VariantName = "[No Variations]"
Add component (AddParameter): Name = "RS Price/Stock"; Value = "https://uk.rs-online.com/web/p/products/1730943"; VariantName = "[No Variations]"
Added Component: Designator=PS1(SOT230P700X180-4N)
Add component. Clean all parameters for all variants
Add component (AddParameter): Name = "Datasheet Link"; Value = "https://componentsearchengine.com/Datasheets/2/TC2117-3.3VDBTR.pdf"; VariantName = "[No Variations]"
Add component (AddParameter): Name = "Height"; Value = "1.8mm"; VariantName = "[No Variations]"
Add component (AddParameter): Name = "Manufacturer_Name"; Value = "Microchip"; VariantName = "[No Variations]"
Add component (AddParameter): Name = "Manufacturer_Part_Number"; Value = "TC2117-3.3VDBTR"; VariantName = "[No Variations]"
Add component (AddParameter): Name = "Mouser Part Number"; Value = "579-TC2117-3.3VDBTR"; VariantName = "[No Variations]"
Add component (AddParameter): Name = "Mouser Price/Stock"; Value = "https://www.mouser.com/Search/Refine.aspx?Keyword=579-TC2117-3.3VDBTR"; VariantName = "[No Variations]"
Add component (AddParameter): Name = "RS Part Number"; Value = "8234434P"; VariantName = "[No Variations]"
Add component (AddParameter): Name = "RS Price/Stock"; Value = "http://uk.rs-online.com/web/p/products/8234434P"; VariantName = "[No Variations]"
Added Component: Designator=Q1(IRF7749L2TRPBF)
Add component. Clean all parameters for all variants
Add component (AddParameter): Name = "Datasheet Link"; Value = "https://www.mouser.com/datasheet/2/196/auirf7749l2-1225782.pdf"; VariantName = "[No Variations]"
Add component (AddParameter): Name = "Height"; Value = "1mm"; VariantName = "[No Variations]"
Add component (AddParameter): Name = "Manufacturer_Name"; Value = "Infineon"; VariantName = "[No Variations]"
Add component (AddParameter): Name = "Manufacturer_Part_Number"; Value = "AUIRF7749L2TR"; VariantName = "[No Variations]"
Add component (AddParameter): Name = "Mouser Part Number"; Value = "942-AUIRF7749L2TR"; VariantName = "[No Variations]"
Add component (AddParameter): Name = "Mouser Price/Stock"; Value = "https://www.mouser.com/Search/Refine.aspx?Keyword=942-AUIRF7749L2TR"; VariantName = "[No Variations]"
Add component (AddParameter): Name = "RS Part Number"; Value = ""; VariantName = "[No Variations]"
Add component (AddParameter): Name = "RS Price/Stock"; Value = ""; VariantName = "[No Variations]"
Added Component: Designator=Q2(IRF7749L2TRPBF)
Add component. Clean all parameters for all variants
Add component (AddParameter): Name = "Datasheet Link"; Value = "https://www.mouser.com/datasheet/2/196/auirf7749l2-1225782.pdf"; VariantName = "[No Variations]"
Add component (AddParameter): Name = "Height"; Value = "1mm"; VariantName = "[No Variations]"
Add component (AddParameter): Name = "Manufacturer_Name"; Value = "Infineon"; VariantName = "[No Variations]"
Add component (AddParameter): Name = "Manufacturer_Part_Number"; Value = "AUIRF7749L2TR"; VariantName = "[No Variations]"
Add component (AddParameter): Name = "Mouser Part Number"; Value = "942-AUIRF7749L2TR"; VariantName = "[No Variations]"
Add component (AddParameter): Name = "Mouser Price/Stock"; Value = "https://www.mouser.com/Search/Refine.aspx?Keyword=942-AUIRF7749L2TR"; VariantName = "[No Variations]"
Add component (AddParameter): Name = "RS Part Number"; Value = ""; VariantName = "[No Variations]"
Add component (AddParameter): Name = "RS Price/Stock"; Value = ""; VariantName = "[No Variations]"
Added Component: Designator=Q3(IRF7749L2TRPBF)
Add component. Clean all parameters for all variants
Add component (AddParameter): Name = "Datasheet Link"; Value = "https://www.mouser.com/datasheet/2/196/auirf7749l2-1225782.pdf"; VariantName = "[No Variations]"
Add component (AddParameter): Name = "Height"; Value = "1mm"; VariantName = "[No Variations]"
Add component (AddParameter): Name = "Manufacturer_Name"; Value = "Infineon"; VariantName = "[No Variations]"
Add component (AddParameter): Name = "Manufacturer_Part_Number"; Value = "AUIRF7749L2TR"; VariantName = "[No Variations]"
Add component (AddParameter): Name = "Mouser Part Number"; Value = "942-AUIRF7749L2TR"; VariantName = "[No Variations]"
Add component (AddParameter): Name = "Mouser Price/Stock"; Value = "https://www.mouser.com/Search/Refine.aspx?Keyword=942-AUIRF7749L2TR"; VariantName = "[No Variations]"
Add component (AddParameter): Name = "RS Part Number"; Value = ""; VariantName = "[No Variations]"
Add component (AddParameter): Name = "RS Price/Stock"; Value = ""; VariantName = "[No Variations]"
Added Component: Designator=Q4(IRF7749L2TRPBF)
Add component. Clean all parameters for all variants
Add component (AddParameter): Name = "Datasheet Link"; Value = "https://www.mouser.com/datasheet/2/196/auirf7749l2-1225782.pdf"; VariantName = "[No Variations]"
Add component (AddParameter): Name = "Height"; Value = "1mm"; VariantName = "[No Variations]"
Add component (AddParameter): Name = "Manufacturer_Name"; Value = "Infineon"; VariantName = "[No Variations]"
Add component (AddParameter): Name = "Manufacturer_Part_Number"; Value = "AUIRF7749L2TR"; VariantName = "[No Variations]"
Add component (AddParameter): Name = "Mouser Part Number"; Value = "942-AUIRF7749L2TR"; VariantName = "[No Variations]"
Add component (AddParameter): Name = "Mouser Price/Stock"; Value = "https://www.mouser.com/Search/Refine.aspx?Keyword=942-AUIRF7749L2TR"; VariantName = "[No Variations]"
Add component (AddParameter): Name = "RS Part Number"; Value = ""; VariantName = "[No Variations]"
Add component (AddParameter): Name = "RS Price/Stock"; Value = ""; VariantName = "[No Variations]"
Added Component: Designator=Q5(IRF7749L2TRPBF)
Add component. Clean all parameters for all variants
Add component (AddParameter): Name = "Datasheet Link"; Value = "https://www.mouser.com/datasheet/2/196/auirf7749l2-1225782.pdf"; VariantName = "[No Variations]"
Add component (AddParameter): Name = "Height"; Value = "1mm"; VariantName = "[No Variations]"
Add component (AddParameter): Name = "Manufacturer_Name"; Value = "Infineon"; VariantName = "[No Variations]"
Add component (AddParameter): Name = "Manufacturer_Part_Number"; Value = "AUIRF7749L2TR"; VariantName = "[No Variations]"
Add component (AddParameter): Name = "Mouser Part Number"; Value = "942-AUIRF7749L2TR"; VariantName = "[No Variations]"
Add component (AddParameter): Name = "Mouser Price/Stock"; Value = "https://www.mouser.com/Search/Refine.aspx?Keyword=942-AUIRF7749L2TR"; VariantName = "[No Variations]"
Add component (AddParameter): Name = "RS Part Number"; Value = ""; VariantName = "[No Variations]"
Add component (AddParameter): Name = "RS Price/Stock"; Value = ""; VariantName = "[No Variations]"
Added Component: Designator=Q6(IRF7749L2TRPBF)
Add component. Clean all parameters for all variants
Add component (AddParameter): Name = "Datasheet Link"; Value = "https://www.mouser.com/datasheet/2/196/auirf7749l2-1225782.pdf"; VariantName = "[No Variations]"
Add component (AddParameter): Name = "Height"; Value = "1mm"; VariantName = "[No Variations]"
Add component (AddParameter): Name = "Manufacturer_Name"; Value = "Infineon"; VariantName = "[No Variations]"
Add component (AddParameter): Name = "Manufacturer_Part_Number"; Value = "AUIRF7749L2TR"; VariantName = "[No Variations]"
Add component (AddParameter): Name = "Mouser Part Number"; Value = "942-AUIRF7749L2TR"; VariantName = "[No Variations]"
Add component (AddParameter): Name = "Mouser Price/Stock"; Value = "https://www.mouser.com/Search/Refine.aspx?Keyword=942-AUIRF7749L2TR"; VariantName = "[No Variations]"
Add component (AddParameter): Name = "RS Part Number"; Value = ""; VariantName = "[No Variations]"
Add component (AddParameter): Name = "RS Price/Stock"; Value = ""; VariantName = "[No Variations]"
Added Component: Designator=R1(J1-0603)
Add component. Clean all parameters for all variants
Add component (AddParameter): Name = "LatestRevisionDate"; Value = "29-May-2009"; VariantName = "[No Variations]"
Add component (AddParameter): Name = "LatestRevisionNote"; Value = "IPC-7351 Footprint Added."; VariantName = "[No Variations]"
Add component (AddParameter): Name = "PackageDescription"; Value = "Chip Resistor"; VariantName = "[No Variations]"
Add component (AddParameter): Name = "PackageReference"; Value = "J1-0603"; VariantName = "[No Variations]"
Add component (AddParameter): Name = "Published"; Value = "8-Jun-2000"; VariantName = "[No Variations]"
Add component (AddParameter): Name = "Publisher"; Value = "Altium Limited"; VariantName = "[No Variations]"
Add component (AddParameter): Name = "Value"; Value = "1K"; VariantName = "[No Variations]"
Added Component: Designator=R2(J1-0603)
Add component. Clean all parameters for all variants
Add component (AddParameter): Name = "LatestRevisionDate"; Value = "29-May-2009"; VariantName = "[No Variations]"
Add component (AddParameter): Name = "LatestRevisionNote"; Value = "IPC-7351 Footprint Added."; VariantName = "[No Variations]"
Add component (AddParameter): Name = "PackageDescription"; Value = "Chip Resistor"; VariantName = "[No Variations]"
Add component (AddParameter): Name = "PackageReference"; Value = "J1-0603"; VariantName = "[No Variations]"
Add component (AddParameter): Name = "Published"; Value = "8-Jun-2000"; VariantName = "[No Variations]"
Add component (AddParameter): Name = "Publisher"; Value = "Altium Limited"; VariantName = "[No Variations]"
Add component (AddParameter): Name = "Value"; Value = "1K"; VariantName = "[No Variations]"
Added Component: Designator=R3(J1-0603)
Add component. Clean all parameters for all variants
Add component (AddParameter): Name = "LatestRevisionDate"; Value = "29-May-2009"; VariantName = "[No Variations]"
Add component (AddParameter): Name = "LatestRevisionNote"; Value = "IPC-7351 Footprint Added."; VariantName = "[No Variations]"
Add component (AddParameter): Name = "PackageDescription"; Value = "Chip Resistor"; VariantName = "[No Variations]"
Add component (AddParameter): Name = "PackageReference"; Value = "J1-0603"; VariantName = "[No Variations]"
Add component (AddParameter): Name = "Published"; Value = "8-Jun-2000"; VariantName = "[No Variations]"
Add component (AddParameter): Name = "Publisher"; Value = "Altium Limited"; VariantName = "[No Variations]"
Add component (AddParameter): Name = "Value"; Value = "1K"; VariantName = "[No Variations]"
Added Component: Designator=R4(RESC10052X137N)
Add component. Clean all parameters for all variants
Add component (AddParameter): Name = "Allied_Number"; Value = "70883778"; VariantName = "[No Variations]"
Add component (AddParameter): Name = "Allied Price/Stock"; Value = "https://www.alliedelec.com/bourns-css2h-3920r-l500f/70883778/"; VariantName = "[No Variations]"
Add component (AddParameter): Name = "Datasheet Link"; Value = "https://componentsearchengine.com/Datasheets/2/CSS2H-3920R-L500F.pdf"; VariantName = "[No Variations]"
Add component (AddParameter): Name = "Height"; Value = "1.37mm"; VariantName = "[No Variations]"
Add component (AddParameter): Name = "Manufacturer_Name"; Value = "Bourns"; VariantName = "[No Variations]"
Add component (AddParameter): Name = "Manufacturer_Part_Number"; Value = "CSS2H-3920R-L500F"; VariantName = "[No Variations]"
Add component (AddParameter): Name = "Mouser Part Number"; Value = "652-CSS2H3920RL500F"; VariantName = "[No Variations]"
Add component (AddParameter): Name = "Mouser Price/Stock"; Value = "https://www.mouser.com/Search/Refine.aspx?Keyword=652-CSS2H3920RL500F"; VariantName = "[No Variations]"
Add component (AddParameter): Name = "RS Part Number"; Value = ""; VariantName = "[No Variations]"
Add component (AddParameter): Name = "RS Price/Stock"; Value = ""; VariantName = "[No Variations]"
Added Component: Designator=R5(RESC10052X137N)
Add component. Clean all parameters for all variants
Add component (AddParameter): Name = "Allied_Number"; Value = "70883778"; VariantName = "[No Variations]"
Add component (AddParameter): Name = "Allied Price/Stock"; Value = "https://www.alliedelec.com/bourns-css2h-3920r-l500f/70883778/"; VariantName = "[No Variations]"
Add component (AddParameter): Name = "Datasheet Link"; Value = "https://componentsearchengine.com/Datasheets/2/CSS2H-3920R-L500F.pdf"; VariantName = "[No Variations]"
Add component (AddParameter): Name = "Height"; Value = "1.37mm"; VariantName = "[No Variations]"
Add component (AddParameter): Name = "Manufacturer_Name"; Value = "Bourns"; VariantName = "[No Variations]"
Add component (AddParameter): Name = "Manufacturer_Part_Number"; Value = "CSS2H-3920R-L500F"; VariantName = "[No Variations]"
Add component (AddParameter): Name = "Mouser Part Number"; Value = "652-CSS2H3920RL500F"; VariantName = "[No Variations]"
Add component (AddParameter): Name = "Mouser Price/Stock"; Value = "https://www.mouser.com/Search/Refine.aspx?Keyword=652-CSS2H3920RL500F"; VariantName = "[No Variations]"
Add component (AddParameter): Name = "RS Part Number"; Value = ""; VariantName = "[No Variations]"
Add component (AddParameter): Name = "RS Price/Stock"; Value = ""; VariantName = "[No Variations]"
Added Component: Designator=R6(RESC10052X137N)
Add component. Clean all parameters for all variants
Add component (AddParameter): Name = "Allied_Number"; Value = "70883778"; VariantName = "[No Variations]"
Add component (AddParameter): Name = "Allied Price/Stock"; Value = "https://www.alliedelec.com/bourns-css2h-3920r-l500f/70883778/"; VariantName = "[No Variations]"
Add component (AddParameter): Name = "Datasheet Link"; Value = "https://componentsearchengine.com/Datasheets/2/CSS2H-3920R-L500F.pdf"; VariantName = "[No Variations]"
Add component (AddParameter): Name = "Height"; Value = "1.37mm"; VariantName = "[No Variations]"
Add component (AddParameter): Name = "Manufacturer_Name"; Value = "Bourns"; VariantName = "[No Variations]"
Add component (AddParameter): Name = "Manufacturer_Part_Number"; Value = "CSS2H-3920R-L500F"; VariantName = "[No Variations]"
Add component (AddParameter): Name = "Mouser Part Number"; Value = "652-CSS2H3920RL500F"; VariantName = "[No Variations]"
Add component (AddParameter): Name = "Mouser Price/Stock"; Value = "https://www.mouser.com/Search/Refine.aspx?Keyword=652-CSS2H3920RL500F"; VariantName = "[No Variations]"
Add component (AddParameter): Name = "RS Part Number"; Value = ""; VariantName = "[No Variations]"
Add component (AddParameter): Name = "RS Price/Stock"; Value = ""; VariantName = "[No Variations]"
Added Component: Designator=R7(J1-0603)
Add component. Clean all parameters for all variants
Add component (AddParameter): Name = "LatestRevisionDate"; Value = "29-May-2009"; VariantName = "[No Variations]"
Add component (AddParameter): Name = "LatestRevisionNote"; Value = "IPC-7351 Footprint Added."; VariantName = "[No Variations]"
Add component (AddParameter): Name = "PackageDescription"; Value = "Chip Resistor"; VariantName = "[No Variations]"
Add component (AddParameter): Name = "PackageReference"; Value = "J1-0603"; VariantName = "[No Variations]"
Add component (AddParameter): Name = "Published"; Value = "8-Jun-2000"; VariantName = "[No Variations]"
Add component (AddParameter): Name = "Publisher"; Value = "Altium Limited"; VariantName = "[No Variations]"
Add component (AddParameter): Name = "Value"; Value = "1K"; VariantName = "[No Variations]"
Added Component: Designator=R8(J1-0603)
Add component. Clean all parameters for all variants
Add component (AddParameter): Name = "LatestRevisionDate"; Value = "29-May-2009"; VariantName = "[No Variations]"
Add component (AddParameter): Name = "LatestRevisionNote"; Value = "IPC-7351 Footprint Added."; VariantName = "[No Variations]"
Add component (AddParameter): Name = "PackageDescription"; Value = "Chip Resistor"; VariantName = "[No Variations]"
Add component (AddParameter): Name = "PackageReference"; Value = "J1-0603"; VariantName = "[No Variations]"
Add component (AddParameter): Name = "Published"; Value = "8-Jun-2000"; VariantName = "[No Variations]"
Add component (AddParameter): Name = "Publisher"; Value = "Altium Limited"; VariantName = "[No Variations]"
Add component (AddParameter): Name = "Value"; Value = "1K"; VariantName = "[No Variations]"
Added Component: Designator=R9(J1-0603)
Add component. Clean all parameters for all variants
Add component (AddParameter): Name = "LatestRevisionDate"; Value = "29-May-2009"; VariantName = "[No Variations]"
Add component (AddParameter): Name = "LatestRevisionNote"; Value = "IPC-7351 Footprint Added."; VariantName = "[No Variations]"
Add component (AddParameter): Name = "PackageDescription"; Value = "Chip Resistor"; VariantName = "[No Variations]"
Add component (AddParameter): Name = "PackageReference"; Value = "J1-0603"; VariantName = "[No Variations]"
Add component (AddParameter): Name = "Published"; Value = "8-Jun-2000"; VariantName = "[No Variations]"
Add component (AddParameter): Name = "Publisher"; Value = "Altium Limited"; VariantName = "[No Variations]"
Add component (AddParameter): Name = "Value"; Value = "1K"; VariantName = "[No Variations]"
Added Pin To Net: NetName=+5 Pin=C9-1
Added Pin To Net: NetName=+5 Pin=J1-11
Added Pin To Net: NetName=+5 Pin=PS1-3
Added Net: Name=+5
Added Pin To Net: NetName=ADC_TEMP Pin=J1-9
Added Net: Name=ADC_TEMP
Added Pin To Net: NetName=C_A Pin=J2-9
Added Net: Name=C_A
Added Pin To Net: NetName=C_B Pin=IC2-5
Added Pin To Net: NetName=C_B Pin=J2-10
Added Net: Name=C_B
Added Pin To Net: NetName=C_C Pin=IC3-5
Added Pin To Net: NetName=C_C Pin=J2-11
Added Net: Name=C_C
Added Pin To Net: NetName=CURR_A_P Pin=IC1-8
Added Pin To Net: NetName=CURR_A_P Pin=J1-4
Added Pin To Net: NetName=CURR_A_P Pin=Q1-1
Added Pin To Net: NetName=CURR_A_P Pin=Q1-2
Added Pin To Net: NetName=CURR_A_P Pin=Q1-3
Added Pin To Net: NetName=CURR_A_P Pin=Q1-4
Added Pin To Net: NetName=CURR_A_P Pin=Q1-5
Added Pin To Net: NetName=CURR_A_P Pin=Q1-6
Added Pin To Net: NetName=CURR_A_P Pin=Q1-7
Added Pin To Net: NetName=CURR_A_P Pin=Q1-8
Added Pin To Net: NetName=CURR_A_P Pin=Q4-10
Added Pin To Net: NetName=CURR_A_P Pin=Q4-11
Added Pin To Net: NetName=CURR_A_P Pin=Q4-12
Added Pin To Net: NetName=CURR_A_P Pin=Q4-13
Added Pin To Net: NetName=CURR_A_P Pin=Q4-14
Added Pin To Net: NetName=CURR_A_P Pin=Q4-15
Added Pin To Net: NetName=CURR_A_P Pin=R4-2
Added Net: Name=CURR_A_P
Added Pin To Net: NetName=GH_A Pin=J1-3
Added Net: Name=GH_A
Added Pin To Net: NetName=GH_B Pin=J1-5
Added Net: Name=GH_B
Added Pin To Net: NetName=GH_C Pin=J1-7
Added Pin To Net: NetName=GH_C Pin=R3-1
Added Net: Name=GH_C
Added Pin To Net: NetName=GL_A Pin=J2-3
Added Net: Name=GL_A
Added Pin To Net: NetName=GL_B Pin=J2-5
Added Pin To Net: NetName=GL_B Pin=R8-1
Added Net: Name=GL_B
Added Pin To Net: NetName=GL_C Pin=J2-7
Added Pin To Net: NetName=GL_C Pin=R9-1
Added Net: Name=GL_C
Added Pin To Net: NetName=GND Pin=C7-2
Added Pin To Net: NetName=GND Pin=C8-2
Added Pin To Net: NetName=GND Pin=C9-2
Added Pin To Net: NetName=GND Pin=C10-1
Added Pin To Net: NetName=GND Pin=C11-1
Added Pin To Net: NetName=GND Pin=C12-1
Added Pin To Net: NetName=GND Pin=IC1-2
Added Pin To Net: NetName=GND Pin=IC1-3
Added Pin To Net: NetName=GND Pin=IC2-2
Added Pin To Net: NetName=GND Pin=IC2-3
Added Pin To Net: NetName=GND Pin=IC3-2
Added Pin To Net: NetName=GND Pin=IC3-3
Added Pin To Net: NetName=GND Pin=J1-2
Added Pin To Net: NetName=GND Pin=J1-10
Added Pin To Net: NetName=GND Pin=J1-12
Added Pin To Net: NetName=GND Pin=J2-12
Added Pin To Net: NetName=GND Pin=PS1-1
Added Net: Name=GND
Added Pin To Net: NetName=NetIC3_1 Pin=IC3-1
Added Pin To Net: NetName=NetIC3_1 Pin=R6-1
Added Net: Name=NetIC3_1
Added Pin To Net: NetName=NetQ1_9 Pin=Q1-9
Added Pin To Net: NetName=NetQ1_9 Pin=R1-2
Added Net: Name=NetQ1_9
Added Pin To Net: NetName=NetQ2_9 Pin=Q2-9
Added Pin To Net: NetName=NetQ2_9 Pin=R2-2
Added Net: Name=NetQ2_9
Added Pin To Net: NetName=NetQ3_9 Pin=Q3-9
Added Pin To Net: NetName=NetQ3_9 Pin=R3-2
Added Net: Name=NetQ3_9
Added Pin To Net: NetName=NetQ4_9 Pin=Q4-9
Added Pin To Net: NetName=NetQ4_9 Pin=R7-2
Added Net: Name=NetQ4_9
Added Pin To Net: NetName=NetQ5_9 Pin=Q5-9
Added Pin To Net: NetName=NetQ5_9 Pin=R8-2
Added Net: Name=NetQ5_9
Added Pin To Net: NetName=NetQ6_9 Pin=Q6-9
Added Pin To Net: NetName=NetQ6_9 Pin=R9-2
Added Net: Name=NetQ6_9
Added Pin To Net: NetName=P_A Pin=IC1-1
Added Pin To Net: NetName=P_A Pin=R4-1
Added Net: Name=P_A
Added Pin To Net: NetName=P_B Pin=IC2-1
Added Pin To Net: NetName=P_B Pin=R5-1
Added Net: Name=P_B
Added Pin To Net: NetName=SH_B Pin=IC2-8
Added Pin To Net: NetName=SH_B Pin=J1-6
Added Pin To Net: NetName=SH_B Pin=Q2-1
Added Pin To Net: NetName=SH_B Pin=Q2-2
Added Pin To Net: NetName=SH_B Pin=Q2-3
Added Pin To Net: NetName=SH_B Pin=Q2-4
Added Pin To Net: NetName=SH_B Pin=Q2-5
Added Pin To Net: NetName=SH_B Pin=Q2-6
Added Pin To Net: NetName=SH_B Pin=Q2-7
Added Pin To Net: NetName=SH_B Pin=Q2-8
Added Pin To Net: NetName=SH_B Pin=Q5-10
Added Pin To Net: NetName=SH_B Pin=Q5-11
Added Pin To Net: NetName=SH_B Pin=Q5-12
Added Pin To Net: NetName=SH_B Pin=Q5-13
Added Pin To Net: NetName=SH_B Pin=Q5-14
Added Pin To Net: NetName=SH_B Pin=R5-2
Added Net: Name=SH_B
Added Pin To Net: NetName=SH_C Pin=IC3-8
Added Pin To Net: NetName=SH_C Pin=J1-8
Added Pin To Net: NetName=SH_C Pin=Q3-1
Added Pin To Net: NetName=SH_C Pin=Q3-2
Added Pin To Net: NetName=SH_C Pin=Q3-3
Added Pin To Net: NetName=SH_C Pin=Q3-4
Added Pin To Net: NetName=SH_C Pin=Q3-5
Added Pin To Net: NetName=SH_C Pin=Q3-6
Added Pin To Net: NetName=SH_C Pin=Q3-7
Added Pin To Net: NetName=SH_C Pin=Q3-8
Added Pin To Net: NetName=SH_C Pin=Q6-10
Added Pin To Net: NetName=SH_C Pin=Q6-11
Added Pin To Net: NetName=SH_C Pin=Q6-12
Added Pin To Net: NetName=SH_C Pin=Q6-14
Added Pin To Net: NetName=SH_C Pin=Q6-15
Added Pin To Net: NetName=SH_C Pin=R6-2
Added Net: Name=SH_C
Added Pin To Net: NetName=SL_A Pin=C1-2
Added Pin To Net: NetName=SL_A Pin=C2-2
Added Pin To Net: NetName=SL_A Pin=C3-2
Added Pin To Net: NetName=SL_A Pin=C4-2
Added Pin To Net: NetName=SL_A Pin=C5-2
Added Pin To Net: NetName=SL_A Pin=C6-2
Added Pin To Net: NetName=SL_A Pin=J2-4
Added Pin To Net: NetName=SL_A Pin=J2-6
Added Pin To Net: NetName=SL_A Pin=J2-8
Added Pin To Net: NetName=SL_A Pin=Q4-1
Added Pin To Net: NetName=SL_A Pin=Q4-2
Added Pin To Net: NetName=SL_A Pin=Q4-3
Added Pin To Net: NetName=SL_A Pin=Q4-4
Added Pin To Net: NetName=SL_A Pin=Q4-5
Added Pin To Net: NetName=SL_A Pin=Q4-6
Added Pin To Net: NetName=SL_A Pin=Q4-7
Added Pin To Net: NetName=SL_A Pin=Q4-8
Added Pin To Net: NetName=SL_A Pin=Q5-1
Added Pin To Net: NetName=SL_A Pin=Q5-2
Added Pin To Net: NetName=SL_A Pin=Q5-3
Added Pin To Net: NetName=SL_A Pin=Q5-4
Added Pin To Net: NetName=SL_A Pin=Q5-5
Added Pin To Net: NetName=SL_A Pin=Q5-6
Added Pin To Net: NetName=SL_A Pin=Q5-7
Added Pin To Net: NetName=SL_A Pin=Q5-8
Added Pin To Net: NetName=SL_A Pin=Q6-1
Added Pin To Net: NetName=SL_A Pin=Q6-2
Added Pin To Net: NetName=SL_A Pin=Q6-3
Added Pin To Net: NetName=SL_A Pin=Q6-4
Added Pin To Net: NetName=SL_A Pin=Q6-5
Added Pin To Net: NetName=SL_A Pin=Q6-6
Added Pin To Net: NetName=SL_A Pin=Q6-7
Added Pin To Net: NetName=SL_A Pin=Q6-8
Added Net: Name=SL_A
Added Pin To Net: NetName=SUPPLY Pin=J1-1
Added Net: Name=SUPPLY
Added Pin To Net: NetName=VCC Pin=C7-1
Added Pin To Net: NetName=VCC Pin=C8-1
Added Pin To Net: NetName=VCC Pin=C10-2
Added Pin To Net: NetName=VCC Pin=C11-2
Added Pin To Net: NetName=VCC Pin=C12-2
Added Pin To Net: NetName=VCC Pin=IC1-6
Added Pin To Net: NetName=VCC Pin=IC1-7
Added Pin To Net: NetName=VCC Pin=IC2-6
Added Pin To Net: NetName=VCC Pin=IC2-7
Added Pin To Net: NetName=VCC Pin=IC3-6
Added Pin To Net: NetName=VCC Pin=IC3-7
Added Pin To Net: NetName=VCC Pin=PS1-2
Added Pin To Net: NetName=VCC Pin=PS1-4
Added Net: Name=VCC
Added Pin To Net: NetName=VIN Pin=C1-1
Added Pin To Net: NetName=VIN Pin=C2-1
Added Pin To Net: NetName=VIN Pin=C3-1
Added Pin To Net: NetName=VIN Pin=C4-1
Added Pin To Net: NetName=VIN Pin=C5-1
Added Pin To Net: NetName=VIN Pin=C6-1
Added Pin To Net: NetName=VIN Pin=Q1-10
Added Pin To Net: NetName=VIN Pin=Q1-11
Added Pin To Net: NetName=VIN Pin=Q1-12
Added Pin To Net: NetName=VIN Pin=Q1-13
Added Pin To Net: NetName=VIN Pin=Q1-14
Added Pin To Net: NetName=VIN Pin=Q1-15
Added Pin To Net: NetName=VIN Pin=Q2-10
Added Pin To Net: NetName=VIN Pin=Q2-11
Added Pin To Net: NetName=VIN Pin=Q2-12
Added Pin To Net: NetName=VIN Pin=Q2-13
Added Pin To Net: NetName=VIN Pin=Q2-14
Added Pin To Net: NetName=VIN Pin=Q2-15
Added Pin To Net: NetName=VIN Pin=Q3-10
Added Pin To Net: NetName=VIN Pin=Q3-11
Added Pin To Net: NetName=VIN Pin=Q3-12
Added Pin To Net: NetName=VIN Pin=Q3-13
Added Pin To Net: NetName=VIN Pin=Q3-14
Added Pin To Net: NetName=VIN Pin=Q3-15
Added Net: Name=VIN
Added Class: Name=Sheet1
Added Room: Name=Sheet1
