Change Component Library : Designator=C1 Old Library=* New Library=SamacSys.SchLib
Change Component Library : Designator=C2 Old Library=* New Library=SamacSys.SchLib
Change Component Library : Designator=C3 Old Library=* New Library=SamacSys.SchLib
Change Component Library : Designator=C4 Old Library=* New Library=SamacSys.SchLib
Change Component Library : Designator=C5 Old Library=* New Library=SamacSys.SchLib
Change Component Library : Designator=C6 Old Library=* New Library=SamacSys.SchLib
Change Component Library : Designator=IC1 Old Library=* New Library=SamacSys.SchLib
Change Component Library : Designator=IC2 Old Library=* New Library=SamacSys.SchLib
Change Component Library : Designator=IC3 Old Library=* New Library=SamacSys.SchLib
Change Component Library : Designator=R4 Old Library=* New Library=SamacSys.SchLib
Change Component Library : Designator=R5 Old Library=* New Library=SamacSys.SchLib
Change Component Library : Designator=R6 Old Library=* New Library=SamacSys.SchLib
Change component parameters: Designator = "J1"; Footprint = "HDRV12W60P0X200_1X12_2415X200X525P"; UniqueID = "\UDYIOFBV"
Change component parameters. Clean all parameters for all variants
Change component parameters (AddParameter): Name = "Datasheet Link"; Value = "https://cdn.harwin.com/pdfs/M22-201.pdf"; VariantName = "[No Variations]"
Change component parameters (AddParameter): Name = "Height"; Value = "5.25mm"; VariantName = "[No Variations]"
Change component parameters (AddParameter): Name = "Manufacturer_Name"; Value = "HARWIN"; VariantName = "[No Variations]"
Change component parameters (AddParameter): Name = "Manufacturer_Part_Number"; Value = "M22-2011205"; VariantName = "[No Variations]"
Change component parameters (AddParameter): Name = "Mouser Part Number"; Value = "855-M22-2011205"; VariantName = "[No Variations]"
Change component parameters (AddParameter): Name = "Mouser Price/Stock"; Value = "https://www.mouser.com/Search/Refine.aspx?Keyword=855-M22-2011205"; VariantName = "[No Variations]"
Change component parameters (AddParameter): Name = "RS Part Number"; Value = "1730943"; VariantName = "[No Variations]"
Change component parameters (AddParameter): Name = "RS Price/Stock"; Value = "https://uk.rs-online.com/web/p/products/1730943"; VariantName = "[No Variations]"
Change component parameters: Designator = "J2"; Footprint = "HDRV12W60P0X200_1X12_2415X200X525P"; UniqueID = "\ODPCYAPM"
Change component parameters. Clean all parameters for all variants
Change component parameters (AddParameter): Name = "Datasheet Link"; Value = "https://cdn.harwin.com/pdfs/M22-201.pdf"; VariantName = "[No Variations]"
Change component parameters (AddParameter): Name = "Height"; Value = "5.25mm"; VariantName = "[No Variations]"
Change component parameters (AddParameter): Name = "Manufacturer_Name"; Value = "HARWIN"; VariantName = "[No Variations]"
Change component parameters (AddParameter): Name = "Manufacturer_Part_Number"; Value = "M22-2011205"; VariantName = "[No Variations]"
Change component parameters (AddParameter): Name = "Mouser Part Number"; Value = "855-M22-2011205"; VariantName = "[No Variations]"
Change component parameters (AddParameter): Name = "Mouser Price/Stock"; Value = "https://www.mouser.com/Search/Refine.aspx?Keyword=855-M22-2011205"; VariantName = "[No Variations]"
Change component parameters (AddParameter): Name = "RS Part Number"; Value = "1730943"; VariantName = "[No Variations]"
Change component parameters (AddParameter): Name = "RS Price/Stock"; Value = "https://uk.rs-online.com/web/p/products/1730943"; VariantName = "[No Variations]"
Added Member To Class: ClassName=POWERBOARD Member=Component * NET_TIE
Added Member To Class: ClassName=POWERBOARD Member=Component * NET_TIE
Added Member To Class: ClassName=POWERBOARD Member=Component * NET_TIE
Added Member To Class: ClassName=POWERBOARD Member=Component * NET_TIE
Added Member To Class: ClassName=POWERBOARD Member=Component * NET_TIE
Added Room: Name=POWERBOARD
