Added Component: Designator=C?(CAPC3216X180N)
Add component. Clean all parameters for all variants
Add component (AddParameter): Name = "Datasheet Link"; Value = "https://product.tdk.com/info/en/catalog/datasheets/mlcc_commercial_midvoltage_en.pdf"; VariantName = "[No Variations]"
Add component (AddParameter): Name = "Height"; Value = "1.8mm"; VariantName = "[No Variations]"
Add component (AddParameter): Name = "Manufacturer_Name"; Value = "TDK"; VariantName = "[No Variations]"
Add component (AddParameter): Name = "Manufacturer_Part_Number"; Value = "C3216X7S2A225K160AB"; VariantName = "[No Variations]"
Add component (AddParameter): Name = "Mouser Part Number"; Value = "810-C3216X7S2A225K"; VariantName = "[No Variations]"
Add component (AddParameter): Name = "Mouser Price/Stock"; Value = "https://www.mouser.com/Search/Refine.aspx?Keyword=810-C3216X7S2A225K"; VariantName = "[No Variations]"
Add component (AddParameter): Name = "RS Part Number"; Value = "7883079P"; VariantName = "[No Variations]"
Add component (AddParameter): Name = "RS Price/Stock"; Value = "http://uk.rs-online.com/web/p/products/7883079P"; VariantName = "[No Variations]"
Added Component: Designator=C?(CAPC3216X180N)
Add component. Clean all parameters for all variants
Add component (AddParameter): Name = "Datasheet Link"; Value = "https://product.tdk.com/info/en/catalog/datasheets/mlcc_commercial_midvoltage_en.pdf"; VariantName = "[No Variations]"
Add component (AddParameter): Name = "Height"; Value = "1.8mm"; VariantName = "[No Variations]"
Add component (AddParameter): Name = "Manufacturer_Name"; Value = "TDK"; VariantName = "[No Variations]"
Add component (AddParameter): Name = "Manufacturer_Part_Number"; Value = "C3216X7S2A225K160AB"; VariantName = "[No Variations]"
Add component (AddParameter): Name = "Mouser Part Number"; Value = "810-C3216X7S2A225K"; VariantName = "[No Variations]"
Add component (AddParameter): Name = "Mouser Price/Stock"; Value = "https://www.mouser.com/Search/Refine.aspx?Keyword=810-C3216X7S2A225K"; VariantName = "[No Variations]"
Add component (AddParameter): Name = "RS Part Number"; Value = "7883079P"; VariantName = "[No Variations]"
Add component (AddParameter): Name = "RS Price/Stock"; Value = "http://uk.rs-online.com/web/p/products/7883079P"; VariantName = "[No Variations]"
Added Component: Designator=C?(CAPC3216X180N)
Add component. Clean all parameters for all variants
Add component (AddParameter): Name = "Datasheet Link"; Value = "https://product.tdk.com/info/en/catalog/datasheets/mlcc_commercial_midvoltage_en.pdf"; VariantName = "[No Variations]"
Add component (AddParameter): Name = "Height"; Value = "1.8mm"; VariantName = "[No Variations]"
Add component (AddParameter): Name = "Manufacturer_Name"; Value = "TDK"; VariantName = "[No Variations]"
Add component (AddParameter): Name = "Manufacturer_Part_Number"; Value = "C3216X7S2A225K160AB"; VariantName = "[No Variations]"
Add component (AddParameter): Name = "Mouser Part Number"; Value = "810-C3216X7S2A225K"; VariantName = "[No Variations]"
Add component (AddParameter): Name = "Mouser Price/Stock"; Value = "https://www.mouser.com/Search/Refine.aspx?Keyword=810-C3216X7S2A225K"; VariantName = "[No Variations]"
Add component (AddParameter): Name = "RS Part Number"; Value = "7883079P"; VariantName = "[No Variations]"
Add component (AddParameter): Name = "RS Price/Stock"; Value = "http://uk.rs-online.com/web/p/products/7883079P"; VariantName = "[No Variations]"
Added Component: Designator=C?(CAPC3216X180N)
Add component. Clean all parameters for all variants
Add component (AddParameter): Name = "Datasheet Link"; Value = "https://product.tdk.com/info/en/catalog/datasheets/mlcc_commercial_midvoltage_en.pdf"; VariantName = "[No Variations]"
Add component (AddParameter): Name = "Height"; Value = "1.8mm"; VariantName = "[No Variations]"
Add component (AddParameter): Name = "Manufacturer_Name"; Value = "TDK"; VariantName = "[No Variations]"
Add component (AddParameter): Name = "Manufacturer_Part_Number"; Value = "C3216X7S2A225K160AB"; VariantName = "[No Variations]"
Add component (AddParameter): Name = "Mouser Part Number"; Value = "810-C3216X7S2A225K"; VariantName = "[No Variations]"
Add component (AddParameter): Name = "Mouser Price/Stock"; Value = "https://www.mouser.com/Search/Refine.aspx?Keyword=810-C3216X7S2A225K"; VariantName = "[No Variations]"
Add component (AddParameter): Name = "RS Part Number"; Value = "7883079P"; VariantName = "[No Variations]"
Add component (AddParameter): Name = "RS Price/Stock"; Value = "http://uk.rs-online.com/web/p/products/7883079P"; VariantName = "[No Variations]"
Added Component: Designator=C?(CAPC3216X180N)
Add component. Clean all parameters for all variants
Add component (AddParameter): Name = "Datasheet Link"; Value = "https://product.tdk.com/info/en/catalog/datasheets/mlcc_commercial_midvoltage_en.pdf"; VariantName = "[No Variations]"
Add component (AddParameter): Name = "Height"; Value = "1.8mm"; VariantName = "[No Variations]"
Add component (AddParameter): Name = "Manufacturer_Name"; Value = "TDK"; VariantName = "[No Variations]"
Add component (AddParameter): Name = "Manufacturer_Part_Number"; Value = "C3216X7S2A225K160AB"; VariantName = "[No Variations]"
Add component (AddParameter): Name = "Mouser Part Number"; Value = "810-C3216X7S2A225K"; VariantName = "[No Variations]"
Add component (AddParameter): Name = "Mouser Price/Stock"; Value = "https://www.mouser.com/Search/Refine.aspx?Keyword=810-C3216X7S2A225K"; VariantName = "[No Variations]"
Add component (AddParameter): Name = "RS Part Number"; Value = "7883079P"; VariantName = "[No Variations]"
Add component (AddParameter): Name = "RS Price/Stock"; Value = "http://uk.rs-online.com/web/p/products/7883079P"; VariantName = "[No Variations]"
Added Component: Designator=C?(CAPC3216X180N)
Add component. Clean all parameters for all variants
Add component (AddParameter): Name = "Datasheet Link"; Value = "https://product.tdk.com/info/en/catalog/datasheets/mlcc_commercial_midvoltage_en.pdf"; VariantName = "[No Variations]"
Add component (AddParameter): Name = "Height"; Value = "1.8mm"; VariantName = "[No Variations]"
Add component (AddParameter): Name = "Manufacturer_Name"; Value = "TDK"; VariantName = "[No Variations]"
Add component (AddParameter): Name = "Manufacturer_Part_Number"; Value = "C3216X7S2A225K160AB"; VariantName = "[No Variations]"
Add component (AddParameter): Name = "Mouser Part Number"; Value = "810-C3216X7S2A225K"; VariantName = "[No Variations]"
Add component (AddParameter): Name = "Mouser Price/Stock"; Value = "https://www.mouser.com/Search/Refine.aspx?Keyword=810-C3216X7S2A225K"; VariantName = "[No Variations]"
Add component (AddParameter): Name = "RS Part Number"; Value = "7883079P"; VariantName = "[No Variations]"
Add component (AddParameter): Name = "RS Price/Stock"; Value = "http://uk.rs-online.com/web/p/products/7883079P"; VariantName = "[No Variations]"
Added Component: Designator=C?(CAPC3216X180N)
Add component. Clean all parameters for all variants
Add component (AddParameter): Name = "Datasheet Link"; Value = "https://product.tdk.com/info/en/catalog/datasheets/mlcc_commercial_midvoltage_en.pdf"; VariantName = "[No Variations]"
Add component (AddParameter): Name = "Height"; Value = "1.8mm"; VariantName = "[No Variations]"
Add component (AddParameter): Name = "Manufacturer_Name"; Value = "TDK"; VariantName = "[No Variations]"
Add component (AddParameter): Name = "Manufacturer_Part_Number"; Value = "C3216X7S2A225K160AB"; VariantName = "[No Variations]"
Add component (AddParameter): Name = "Mouser Part Number"; Value = "810-C3216X7S2A225K"; VariantName = "[No Variations]"
Add component (AddParameter): Name = "Mouser Price/Stock"; Value = "https://www.mouser.com/Search/Refine.aspx?Keyword=810-C3216X7S2A225K"; VariantName = "[No Variations]"
Add component (AddParameter): Name = "RS Part Number"; Value = "7883079P"; VariantName = "[No Variations]"
Add component (AddParameter): Name = "RS Price/Stock"; Value = "http://uk.rs-online.com/web/p/products/7883079P"; VariantName = "[No Variations]"
Added Pin To Net: NetName=PWRGND Pin=C?-1
Added Pin To Net: NetName=PWRGND Pin=C?-1
Added Pin To Net: NetName=PWRGND Pin=C?-1
Added Pin To Net: NetName=PWRGND Pin=C?-1
Added Pin To Net: NetName=PWRGND Pin=C?-1
Added Pin To Net: NetName=PWRGND Pin=C?-1
Added Pin To Net: NetName=SUPPLY Pin=C?-2
Added Pin To Net: NetName=SUPPLY Pin=C?-2
Added Pin To Net: NetName=SUPPLY Pin=C?-2
Added Pin To Net: NetName=SUPPLY Pin=C?-2
Added Pin To Net: NetName=SUPPLY Pin=C?-2
Added Pin To Net: NetName=SUPPLY Pin=C?-2
Added Member To Class: ClassName=FYP_POWERBOARD_60V100A_REV2 Member=Component C? C3216X7S2A225K160AB
Added Member To Class: ClassName=FYP_POWERBOARD_60V100A_REV2 Member=Component C? C3216X7S2A225K160AB
Added Member To Class: ClassName=FYP_POWERBOARD_60V100A_REV2 Member=Component C? C3216X7S2A225K160AB
Added Member To Class: ClassName=FYP_POWERBOARD_60V100A_REV2 Member=Component C? C3216X7S2A225K160AB
Added Member To Class: ClassName=FYP_POWERBOARD_60V100A_REV2 Member=Component C? C3216X7S2A225K160AB
Added Member To Class: ClassName=FYP_POWERBOARD_60V100A_REV2 Member=Component C? C3216X7S2A225K160AB
Added Member To Class: ClassName=FYP_POWERBOARD_60V100A_REV2 Member=Component C? C3216X7S2A225K160AB
Added Member To Class: ClassName=FYP_POWERBOARD_60V100A_REV2 Member=Component Q? AUIRF7749L2TR
Added Member To Class: ClassName=FYP_POWERBOARD_60V100A_REV2 Member=Component Q? AUIRF7749L2TR
Added Member To Class: ClassName=FYP_POWERBOARD_60V100A_REV2 Member=Component Q? AUIRF7749L2TR
Added Member To Class: ClassName=FYP_POWERBOARD_60V100A_REV2 Member=Component Q? AUIRF7749L2TR
Added Member To Class: ClassName=FYP_POWERBOARD_60V100A_REV2 Member=Component Q? AUIRF7749L2TR
Added Member To Class: ClassName=FYP_POWERBOARD_60V100A_REV2 Member=Component Q? AUIRF7749L2TR
