Added Component: Designator=Q?(IRF7749L2TRPBF)
Add component. Clean all parameters for all variants
Add component (AddParameter): Name = "Datasheet Link"; Value = "https://www.mouser.com/datasheet/2/196/auirf7749l2-1225782.pdf"; VariantName = "[No Variations]"
Add component (AddParameter): Name = "Height"; Value = "1mm"; VariantName = "[No Variations]"
Add component (AddParameter): Name = "Manufacturer_Name"; Value = "Infineon"; VariantName = "[No Variations]"
Add component (AddParameter): Name = "Manufacturer_Part_Number"; Value = "AUIRF7749L2TR"; VariantName = "[No Variations]"
Add component (AddParameter): Name = "Mouser Part Number"; Value = "942-AUIRF7749L2TR"; VariantName = "[No Variations]"
Add component (AddParameter): Name = "Mouser Price/Stock"; Value = "https://www.mouser.com/Search/Refine.aspx?Keyword=942-AUIRF7749L2TR"; VariantName = "[No Variations]"
Add component (AddParameter): Name = "RS Part Number"; Value = ""; VariantName = "[No Variations]"
Add component (AddParameter): Name = "RS Price/Stock"; Value = ""; VariantName = "[No Variations]"
Added Component: Designator=Q?(IRF7749L2TRPBF)
Add component. Clean all parameters for all variants
Add component (AddParameter): Name = "Datasheet Link"; Value = "https://www.mouser.com/datasheet/2/196/auirf7749l2-1225782.pdf"; VariantName = "[No Variations]"
Add component (AddParameter): Name = "Height"; Value = "1mm"; VariantName = "[No Variations]"
Add component (AddParameter): Name = "Manufacturer_Name"; Value = "Infineon"; VariantName = "[No Variations]"
Add component (AddParameter): Name = "Manufacturer_Part_Number"; Value = "AUIRF7749L2TR"; VariantName = "[No Variations]"
Add component (AddParameter): Name = "Mouser Part Number"; Value = "942-AUIRF7749L2TR"; VariantName = "[No Variations]"
Add component (AddParameter): Name = "Mouser Price/Stock"; Value = "https://www.mouser.com/Search/Refine.aspx?Keyword=942-AUIRF7749L2TR"; VariantName = "[No Variations]"
Add component (AddParameter): Name = "RS Part Number"; Value = ""; VariantName = "[No Variations]"
Add component (AddParameter): Name = "RS Price/Stock"; Value = ""; VariantName = "[No Variations]"
Added Component: Designator=Q?(IRF7749L2TRPBF)
Add component. Clean all parameters for all variants
Add component (AddParameter): Name = "Datasheet Link"; Value = "https://www.mouser.com/datasheet/2/196/auirf7749l2-1225782.pdf"; VariantName = "[No Variations]"
Add component (AddParameter): Name = "Height"; Value = "1mm"; VariantName = "[No Variations]"
Add component (AddParameter): Name = "Manufacturer_Name"; Value = "Infineon"; VariantName = "[No Variations]"
Add component (AddParameter): Name = "Manufacturer_Part_Number"; Value = "AUIRF7749L2TR"; VariantName = "[No Variations]"
Add component (AddParameter): Name = "Mouser Part Number"; Value = "942-AUIRF7749L2TR"; VariantName = "[No Variations]"
Add component (AddParameter): Name = "Mouser Price/Stock"; Value = "https://www.mouser.com/Search/Refine.aspx?Keyword=942-AUIRF7749L2TR"; VariantName = "[No Variations]"
Add component (AddParameter): Name = "RS Part Number"; Value = ""; VariantName = "[No Variations]"
Add component (AddParameter): Name = "RS Price/Stock"; Value = ""; VariantName = "[No Variations]"
Added Component: Designator=Q?(IRF7749L2TRPBF)
Add component. Clean all parameters for all variants
Add component (AddParameter): Name = "Datasheet Link"; Value = "https://www.mouser.com/datasheet/2/196/auirf7749l2-1225782.pdf"; VariantName = "[No Variations]"
Add component (AddParameter): Name = "Height"; Value = "1mm"; VariantName = "[No Variations]"
Add component (AddParameter): Name = "Manufacturer_Name"; Value = "Infineon"; VariantName = "[No Variations]"
Add component (AddParameter): Name = "Manufacturer_Part_Number"; Value = "AUIRF7749L2TR"; VariantName = "[No Variations]"
Add component (AddParameter): Name = "Mouser Part Number"; Value = "942-AUIRF7749L2TR"; VariantName = "[No Variations]"
Add component (AddParameter): Name = "Mouser Price/Stock"; Value = "https://www.mouser.com/Search/Refine.aspx?Keyword=942-AUIRF7749L2TR"; VariantName = "[No Variations]"
Add component (AddParameter): Name = "RS Part Number"; Value = ""; VariantName = "[No Variations]"
Add component (AddParameter): Name = "RS Price/Stock"; Value = ""; VariantName = "[No Variations]"
Added Component: Designator=Q?(IRF7749L2TRPBF)
Add component. Clean all parameters for all variants
Add component (AddParameter): Name = "Datasheet Link"; Value = "https://www.mouser.com/datasheet/2/196/auirf7749l2-1225782.pdf"; VariantName = "[No Variations]"
Add component (AddParameter): Name = "Height"; Value = "1mm"; VariantName = "[No Variations]"
Add component (AddParameter): Name = "Manufacturer_Name"; Value = "Infineon"; VariantName = "[No Variations]"
Add component (AddParameter): Name = "Manufacturer_Part_Number"; Value = "AUIRF7749L2TR"; VariantName = "[No Variations]"
Add component (AddParameter): Name = "Mouser Part Number"; Value = "942-AUIRF7749L2TR"; VariantName = "[No Variations]"
Add component (AddParameter): Name = "Mouser Price/Stock"; Value = "https://www.mouser.com/Search/Refine.aspx?Keyword=942-AUIRF7749L2TR"; VariantName = "[No Variations]"
Add component (AddParameter): Name = "RS Part Number"; Value = ""; VariantName = "[No Variations]"
Add component (AddParameter): Name = "RS Price/Stock"; Value = ""; VariantName = "[No Variations]"
Added Component: Designator=Q?(IRF7749L2TRPBF)
Add component. Clean all parameters for all variants
Add component (AddParameter): Name = "Datasheet Link"; Value = "https://www.mouser.com/datasheet/2/196/auirf7749l2-1225782.pdf"; VariantName = "[No Variations]"
Add component (AddParameter): Name = "Height"; Value = "1mm"; VariantName = "[No Variations]"
Add component (AddParameter): Name = "Manufacturer_Name"; Value = "Infineon"; VariantName = "[No Variations]"
Add component (AddParameter): Name = "Manufacturer_Part_Number"; Value = "AUIRF7749L2TR"; VariantName = "[No Variations]"
Add component (AddParameter): Name = "Mouser Part Number"; Value = "942-AUIRF7749L2TR"; VariantName = "[No Variations]"
Add component (AddParameter): Name = "Mouser Price/Stock"; Value = "https://www.mouser.com/Search/Refine.aspx?Keyword=942-AUIRF7749L2TR"; VariantName = "[No Variations]"
Add component (AddParameter): Name = "RS Part Number"; Value = ""; VariantName = "[No Variations]"
Add component (AddParameter): Name = "RS Price/Stock"; Value = ""; VariantName = "[No Variations]"
Added Component: Designator=Q?(IRF7749L2TRPBF)
Add component. Clean all parameters for all variants
Add component (AddParameter): Name = "Datasheet Link"; Value = "https://www.mouser.com/datasheet/2/196/auirf7749l2-1225782.pdf"; VariantName = "[No Variations]"
Add component (AddParameter): Name = "Height"; Value = "1mm"; VariantName = "[No Variations]"
Add component (AddParameter): Name = "Manufacturer_Name"; Value = "Infineon"; VariantName = "[No Variations]"
Add component (AddParameter): Name = "Manufacturer_Part_Number"; Value = "AUIRF7749L2TR"; VariantName = "[No Variations]"
Add component (AddParameter): Name = "Mouser Part Number"; Value = "942-AUIRF7749L2TR"; VariantName = "[No Variations]"
Add component (AddParameter): Name = "Mouser Price/Stock"; Value = "https://www.mouser.com/Search/Refine.aspx?Keyword=942-AUIRF7749L2TR"; VariantName = "[No Variations]"
Add component (AddParameter): Name = "RS Part Number"; Value = ""; VariantName = "[No Variations]"
Add component (AddParameter): Name = "RS Price/Stock"; Value = ""; VariantName = "[No Variations]"
Added Pin To Net: NetName=PHASE_A Pin=Q?-1
Added Pin To Net: NetName=PHASE_B Pin=Q?-1
Added Pin To Net: NetName=PHASE_C Pin=Q?-1
Added Pin To Net: NetName=PWRGND Pin=Q?-1
Added Pin To Net: NetName=PWRGND Pin=Q?-1
Added Pin To Net: NetName=PWRGND Pin=Q?-1
Added Pin To Net: NetName=PHASE_A Pin=Q?-2
Added Pin To Net: NetName=PHASE_B Pin=Q?-2
Added Pin To Net: NetName=PHASE_C Pin=Q?-2
Added Pin To Net: NetName=PWRGND Pin=Q?-2
Added Pin To Net: NetName=PWRGND Pin=Q?-2
Added Pin To Net: NetName=PWRGND Pin=Q?-2
Added Pin To Net: NetName=PHASE_A Pin=Q?-3
Added Pin To Net: NetName=PHASE_B Pin=Q?-3
Added Pin To Net: NetName=PHASE_C Pin=Q?-3
Added Pin To Net: NetName=PWRGND Pin=Q?-3
Added Pin To Net: NetName=PWRGND Pin=Q?-3
Added Pin To Net: NetName=PWRGND Pin=Q?-3
Added Pin To Net: NetName=PHASE_A Pin=Q?-4
Added Pin To Net: NetName=PHASE_B Pin=Q?-4
Added Pin To Net: NetName=PHASE_C Pin=Q?-4
Added Pin To Net: NetName=PWRGND Pin=Q?-4
Added Pin To Net: NetName=PWRGND Pin=Q?-4
Added Pin To Net: NetName=PWRGND Pin=Q?-4
Added Pin To Net: NetName=PHASE_A Pin=Q?-5
Added Pin To Net: NetName=PHASE_B Pin=Q?-5
Added Pin To Net: NetName=PHASE_C Pin=Q?-5
Added Pin To Net: NetName=PWRGND Pin=Q?-5
Added Pin To Net: NetName=PWRGND Pin=Q?-5
Added Pin To Net: NetName=PWRGND Pin=Q?-5
Added Pin To Net: NetName=PHASE_A Pin=Q?-6
Added Pin To Net: NetName=PHASE_B Pin=Q?-6
Added Pin To Net: NetName=PHASE_C Pin=Q?-6
Added Pin To Net: NetName=PWRGND Pin=Q?-6
Added Pin To Net: NetName=PWRGND Pin=Q?-6
Added Pin To Net: NetName=PWRGND Pin=Q?-6
Added Pin To Net: NetName=PHASE_A Pin=Q?-7
Added Pin To Net: NetName=PHASE_B Pin=Q?-7
Added Pin To Net: NetName=PHASE_C Pin=Q?-7
Added Pin To Net: NetName=PWRGND Pin=Q?-7
Added Pin To Net: NetName=PWRGND Pin=Q?-7
Added Pin To Net: NetName=PWRGND Pin=Q?-7
Added Pin To Net: NetName=PHASE_A Pin=Q?-8
Added Pin To Net: NetName=PHASE_B Pin=Q?-8
Added Pin To Net: NetName=PHASE_C Pin=Q?-8
Added Pin To Net: NetName=PWRGND Pin=Q?-8
Added Pin To Net: NetName=PWRGND Pin=Q?-8
Added Pin To Net: NetName=PWRGND Pin=Q?-8
Added Pin To Net: NetName=PHASE_A Pin=Q?-10
Added Pin To Net: NetName=PHASE_B Pin=Q?-10
Added Pin To Net: NetName=PHASE_C Pin=Q?-10
Added Pin To Net: NetName=SUPPLY Pin=Q?-10
Added Pin To Net: NetName=SUPPLY Pin=Q?-10
Added Pin To Net: NetName=SUPPLY Pin=Q?-10
Added Pin To Net: NetName=PHASE_A Pin=Q?-11
Added Pin To Net: NetName=PHASE_B Pin=Q?-11
Added Pin To Net: NetName=PHASE_C Pin=Q?-11
Added Pin To Net: NetName=SUPPLY Pin=Q?-11
Added Pin To Net: NetName=SUPPLY Pin=Q?-11
Added Pin To Net: NetName=SUPPLY Pin=Q?-11
Added Pin To Net: NetName=PHASE_A Pin=Q?-12
Added Pin To Net: NetName=PHASE_B Pin=Q?-12
Added Pin To Net: NetName=PHASE_C Pin=Q?-12
Added Pin To Net: NetName=SUPPLY Pin=Q?-12
Added Pin To Net: NetName=SUPPLY Pin=Q?-12
Added Pin To Net: NetName=SUPPLY Pin=Q?-12
Added Pin To Net: NetName=SUPPLY Pin=Q?-13
Added Pin To Net: NetName=SUPPLY Pin=Q?-13
Added Pin To Net: NetName=SUPPLY Pin=Q?-13
Added Pin To Net: NetName=SUPPLY Pin=Q?-14
Added Pin To Net: NetName=SUPPLY Pin=Q?-14
Added Pin To Net: NetName=SUPPLY Pin=Q?-14
Added Pin To Net: NetName=SUPPLY Pin=Q?-15
Added Pin To Net: NetName=SUPPLY Pin=Q?-15
Added Pin To Net: NetName=SUPPLY Pin=Q?-15
Added Pin To Net: NetName=NetQ?_9 Pin=Q?-9
Added Pin To Net: NetName=NetQ?_9 Pin=R1-2
Added Net: Name=NetQ?_9
Added Member To Class: ClassName=FYP_POWERBOARD_60V100A_REV2 Member=Component Q? AUIRF7749L2TR
Added Member To Class: ClassName=FYP_POWERBOARD_60V100A_REV2 Member=Component Q? AUIRF7749L2TR
Added Member To Class: ClassName=FYP_POWERBOARD_60V100A_REV2 Member=Component Q? AUIRF7749L2TR
Added Member To Class: ClassName=FYP_POWERBOARD_60V100A_REV2 Member=Component Q? AUIRF7749L2TR
Added Member To Class: ClassName=FYP_POWERBOARD_60V100A_REV2 Member=Component Q? AUIRF7749L2TR
Added Member To Class: ClassName=FYP_POWERBOARD_60V100A_REV2 Member=Component Q? AUIRF7749L2TR
Added Member To Class: ClassName=FYP_POWERBOARD_60V100A_REV2 Member=Component Q? AUIRF7749L2TR
